  [1m[36m (0.9ms)[0m  [1mSELECT "schema_migrations"."version" FROM "schema_migrations" [0m
Migrating to CreateMovies (20111119180638)
  [1m[35m (0.2ms)[0m  select sqlite_version(*)
  [1m[36m (0.1ms)[0m  [1mSELECT "schema_migrations"."version" FROM "schema_migrations" [0m
  [1m[35m (0.0ms)[0m  PRAGMA index_list("movies")
  [1m[36m (0.8ms)[0m  [1mSELECT "schema_migrations"."version" FROM "schema_migrations" [0m
  [1m[35m (0.1ms)[0m  select sqlite_version(*)
  [1m[36m (132.8ms)[0m  [1mCREATE TABLE "movies" ("id" INTEGER PRIMARY KEY AUTOINCREMENT NOT NULL, "title" varchar(255), "rating" varchar(255), "description" text, "release_date" datetime, "created_at" datetime, "updated_at" datetime) [0m
  [1m[35m (117.3ms)[0m  CREATE TABLE "schema_migrations" ("version" varchar(255) NOT NULL) 
  [1m[36m (0.1ms)[0m  [1mPRAGMA index_list("schema_migrations")[0m
  [1m[35m (107.8ms)[0m  CREATE UNIQUE INDEX "unique_schema_migrations" ON "schema_migrations" ("version")
  [1m[36m (0.2ms)[0m  [1mSELECT version FROM "schema_migrations"[0m
  [1m[35m (106.5ms)[0m  INSERT INTO "schema_migrations" (version) VALUES ('20120130161449')
  [1m[36m (108.3ms)[0m  [1mINSERT INTO "schema_migrations" (version) VALUES ('20111119180638')[0m
  [1m[36m (0.8ms)[0m  [1mSELECT "schema_migrations"."version" FROM "schema_migrations" [0m
  [1m[35m (0.1ms)[0m  select sqlite_version(*)
  [1m[36m (144.9ms)[0m  [1mCREATE TABLE "movies" ("id" INTEGER PRIMARY KEY AUTOINCREMENT NOT NULL, "title" varchar(255), "rating" varchar(255), "description" text, "release_date" datetime, "created_at" datetime, "updated_at" datetime) [0m
  [1m[35m (107.3ms)[0m  CREATE TABLE "schema_migrations" ("version" varchar(255) NOT NULL) 
  [1m[36m (0.1ms)[0m  [1mPRAGMA index_list("schema_migrations")[0m
  [1m[35m (141.1ms)[0m  CREATE UNIQUE INDEX "unique_schema_migrations" ON "schema_migrations" ("version")
  [1m[36m (0.2ms)[0m  [1mSELECT version FROM "schema_migrations"[0m
  [1m[35m (140.2ms)[0m  INSERT INTO "schema_migrations" (version) VALUES ('20120130161449')
  [1m[36m (116.4ms)[0m  [1mINSERT INTO "schema_migrations" (version) VALUES ('20111119180638')[0m
  [1m[36m (0.8ms)[0m  [1mSELECT "schema_migrations"."version" FROM "schema_migrations" [0m
Migrating to CreateMovies (20111119180638)
Migrating to AddDirectorToMovies (20130813203647)
  [1m[35m (0.0ms)[0m  select sqlite_version(*)
  [1m[36m (0.3ms)[0m  [1mALTER TABLE "movies" ADD "director" varchar(255)[0m
  [1m[35m (0.1ms)[0m  INSERT INTO "schema_migrations" ("version") VALUES ('20130813203647')
  [1m[36m (0.2ms)[0m  [1mselect sqlite_version(*)[0m
  [1m[35m (0.1ms)[0m  SELECT "schema_migrations"."version" FROM "schema_migrations" 
  [1m[36m (0.0ms)[0m  [1mPRAGMA index_list("movies")[0m
  [1m[36m (0.8ms)[0m  [1mSELECT "schema_migrations"."version" FROM "schema_migrations" [0m
  [1m[35m (0.1ms)[0m  select sqlite_version(*)
  [1m[36m (139.7ms)[0m  [1mCREATE TABLE "movies" ("id" INTEGER PRIMARY KEY AUTOINCREMENT NOT NULL, "title" varchar(255), "rating" varchar(255), "description" text, "release_date" datetime, "created_at" datetime, "updated_at" datetime, "director" varchar(255)) [0m
  [1m[35m (115.5ms)[0m  CREATE TABLE "schema_migrations" ("version" varchar(255) NOT NULL) 
  [1m[36m (0.1ms)[0m  [1mPRAGMA index_list("schema_migrations")[0m
  [1m[35m (109.5ms)[0m  CREATE UNIQUE INDEX "unique_schema_migrations" ON "schema_migrations" ("version")
  [1m[36m (0.2ms)[0m  [1mSELECT version FROM "schema_migrations"[0m
  [1m[35m (115.1ms)[0m  INSERT INTO "schema_migrations" (version) VALUES ('20130813203647')
  [1m[36m (124.7ms)[0m  [1mINSERT INTO "schema_migrations" (version) VALUES ('20111119180638')[0m
  [1m[36m (0.9ms)[0m  [1mSELECT "schema_migrations"."version" FROM "schema_migrations" [0m
  [1m[35m (0.1ms)[0m  select sqlite_version(*)
  [1m[36m (158.4ms)[0m  [1mCREATE TABLE "movies" ("id" INTEGER PRIMARY KEY AUTOINCREMENT NOT NULL, "title" varchar(255), "rating" varchar(255), "description" text, "release_date" datetime, "created_at" datetime, "updated_at" datetime, "director" varchar(255)) [0m
  [1m[35m (115.9ms)[0m  CREATE TABLE "schema_migrations" ("version" varchar(255) NOT NULL) 
  [1m[36m (0.1ms)[0m  [1mPRAGMA index_list("schema_migrations")[0m
  [1m[35m (107.7ms)[0m  CREATE UNIQUE INDEX "unique_schema_migrations" ON "schema_migrations" ("version")
  [1m[36m (0.1ms)[0m  [1mSELECT version FROM "schema_migrations"[0m
  [1m[35m (115.5ms)[0m  INSERT INTO "schema_migrations" (version) VALUES ('20130813203647')
  [1m[36m (116.4ms)[0m  [1mINSERT INTO "schema_migrations" (version) VALUES ('20111119180638')[0m
  [1m[36m (0.9ms)[0m  [1mSELECT "schema_migrations"."version" FROM "schema_migrations" [0m
  [1m[35m (0.1ms)[0m  select sqlite_version(*)
  [1m[36m (156.9ms)[0m  [1mCREATE TABLE "movies" ("id" INTEGER PRIMARY KEY AUTOINCREMENT NOT NULL, "title" varchar(255), "rating" varchar(255), "description" text, "release_date" datetime, "created_at" datetime, "updated_at" datetime, "director" varchar(255)) [0m
  [1m[35m (124.4ms)[0m  CREATE TABLE "schema_migrations" ("version" varchar(255) NOT NULL) 
  [1m[36m (0.1ms)[0m  [1mPRAGMA index_list("schema_migrations")[0m
  [1m[35m (132.5ms)[0m  CREATE UNIQUE INDEX "unique_schema_migrations" ON "schema_migrations" ("version")
  [1m[36m (0.2ms)[0m  [1mSELECT version FROM "schema_migrations"[0m
  [1m[35m (131.7ms)[0m  INSERT INTO "schema_migrations" (version) VALUES ('20130813203647')
  [1m[36m (124.9ms)[0m  [1mINSERT INTO "schema_migrations" (version) VALUES ('20111119180638')[0m


Started GET "/" for 127.0.0.1 at 2013-08-15 12:04:01 -0500

ActionController::RoutingError (No route matches [GET] "/"):
  

Rendered /usr/local/lib/ruby/gems/1.9.1/gems/actionpack-3.1.0/lib/action_dispatch/middleware/templates/rescues/routing_error.erb within rescues/layout (0.4ms)


Started GET "/movies" for 127.0.0.1 at 2013-08-15 12:04:07 -0500
  Processing by MoviesController#index as HTML
  [1m[36mMovie Load (0.2ms)[0m  [1mSELECT "movies".* FROM "movies" WHERE "movies"."rating" IN ('G', 'PG', 'PG-13', 'NC-17', 'R')[0m
Rendered movies/index.html.haml within layouts/application (85.2ms)
Compiled application.css  (52ms)  (pid 10549)
Compiled application.js  (22ms)  (pid 10549)
Compiled jquery.js  (15ms)  (pid 10549)
Compiled jquery_ujs.js  (10ms)  (pid 10549)
Completed 200 OK in 270ms (Views: 249.0ms | ActiveRecord: 0.3ms)


Started GET "/assets/application.css?body=1" for 127.0.0.1 at 2013-08-15 12:04:07 -0500
Served asset /application.css - 200 OK (3ms)


Started GET "/assets/application.js?body=1" for 127.0.0.1 at 2013-08-15 12:04:07 -0500
Served asset /application.js - 200 OK (2ms)


Started GET "/assets/jquery.js?body=1" for 127.0.0.1 at 2013-08-15 12:04:07 -0500
Served asset /jquery.js - 200 OK (3ms)


Started GET "/assets/jquery_ujs.js?body=1" for 127.0.0.1 at 2013-08-15 12:04:07 -0500
Served asset /jquery_ujs.js - 200 OK (2ms)


Started GET "/movies/20" for 127.0.0.1 at 2013-08-15 12:04:22 -0500
  Processing by MoviesController#show as HTML
  Parameters: {"id"=>"20"}
  [1m[35mMovie Load (0.1ms)[0m  SELECT "movies".* FROM "movies" WHERE "movies"."id" = ? LIMIT 1  [["id", "20"]]
Rendered movies/show.html.haml within layouts/application (9.3ms)
Completed 200 OK in 25ms (Views: 23.3ms | ActiveRecord: 0.3ms)


Started GET "/movies/20/edit" for 127.0.0.1 at 2013-08-15 12:04:25 -0500
  Processing by MoviesController#edit as HTML
  Parameters: {"id"=>"20"}
  [1m[36mMovie Load (0.1ms)[0m  [1mSELECT "movies".* FROM "movies" WHERE "movies"."id" = ? LIMIT 1[0m  [["id", "20"]]
Rendered movies/edit.html.haml within layouts/application (18.2ms)
Completed 200 OK in 31ms (Views: 29.8ms | ActiveRecord: 0.3ms)


Started PUT "/movies/20" for 127.0.0.1 at 2013-08-15 12:04:32 -0500
  Processing by MoviesController#update as HTML
  Parameters: {"utf8"=>"✓", "authenticity_token"=>"MZ9aCSCFTx3xFdmZKPXn5Nw9yfBgBHyvl/+Yh8Aqt2w=", "movie"=>{"title"=>"Chicken Run", "rating"=>"G", "director"=>"Yoda", "release_date(1i)"=>"2000", "release_date(2i)"=>"6", "release_date(3i)"=>"21"}, "commit"=>"Update Movie Info", "id"=>"20"}
  [1m[35mMovie Load (0.1ms)[0m  SELECT "movies".* FROM "movies" WHERE "movies"."id" = ? LIMIT 1  [["id", "20"]]
  [1m[36m (81.1ms)[0m  [1mUPDATE "movies" SET "director" = 'Yoda', "updated_at" = '2013-08-15 17:04:32.229260' WHERE "movies"."id" = 20[0m
Redirected to http://localhost:3000/movies/20
Completed 302 Found in 269ms


Started GET "/movies/20" for 127.0.0.1 at 2013-08-15 12:04:32 -0500
  Processing by MoviesController#show as HTML
  Parameters: {"id"=>"20"}
  [1m[35mMovie Load (0.1ms)[0m  SELECT "movies".* FROM "movies" WHERE "movies"."id" = ? LIMIT 1  [["id", "20"]]
Rendered movies/show.html.haml within layouts/application (24.7ms)
Completed 200 OK in 29ms (Views: 27.5ms | ActiveRecord: 0.3ms)


Started GET "/movies" for 127.0.0.1 at 2013-08-15 12:15:13 -0500
  Processing by MoviesController#index as HTML
  [1m[36mMovie Load (0.5ms)[0m  [1mSELECT "movies".* FROM "movies" WHERE "movies"."rating" IN ('G', 'PG', 'PG-13', 'NC-17', 'R')[0m
Rendered movies/index.html.haml within layouts/application (28.3ms)
Completed 200 OK in 181ms (Views: 159.5ms | ActiveRecord: 0.6ms)


Started GET "/assets/application.css?body=1" for 127.0.0.1 at 2013-08-15 12:15:15 -0500
Served asset /application.css - 200 OK (63ms)


Started GET "/assets/jquery.js?body=1" for 127.0.0.1 at 2013-08-15 12:15:15 -0500
Served asset /jquery.js - 200 OK (109ms)


Started GET "/assets/jquery_ujs.js?body=1" for 127.0.0.1 at 2013-08-15 12:15:15 -0500
Served asset /jquery_ujs.js - 200 OK (46ms)


Started GET "/assets/application.js?body=1" for 127.0.0.1 at 2013-08-15 12:15:16 -0500
Served asset /application.js - 200 OK (62ms)


Started GET "/movies/19" for 127.0.0.1 at 2013-08-15 12:15:24 -0500
  Processing by MoviesController#show as HTML
  Parameters: {"id"=>"19"}
  [1m[35mMovie Load (0.1ms)[0m  SELECT "movies".* FROM "movies" WHERE "movies"."id" = ? LIMIT 1  [["id", "19"]]
Rendered movies/show.html.haml within layouts/application (16.6ms)
Completed 200 OK in 27ms (Views: 25.1ms | ActiveRecord: 0.3ms)


Started GET "/movies/19/edit" for 127.0.0.1 at 2013-08-15 12:15:28 -0500
  Processing by MoviesController#edit as HTML
  Parameters: {"id"=>"19"}
  [1m[36mMovie Load (0.1ms)[0m  [1mSELECT "movies".* FROM "movies" WHERE "movies"."id" = ? LIMIT 1[0m  [["id", "19"]]
Rendered movies/edit.html.haml within layouts/application (8.8ms)
Completed 200 OK in 13ms (Views: 11.7ms | ActiveRecord: 0.3ms)


Started PUT "/movies/19" for 127.0.0.1 at 2013-08-15 12:15:33 -0500
  Processing by MoviesController#update as HTML
  Parameters: {"utf8"=>"✓", "authenticity_token"=>"qkgUgYUBSB6cvRhtSawIJhlFS2OLS/v8lqkluAReB/U=", "movie"=>{"title"=>"Raiders of the Lost Ark", "rating"=>"PG", "director"=>"Yoda", "release_date(1i)"=>"1981", "release_date(2i)"=>"6", "release_date(3i)"=>"12"}, "commit"=>"Update Movie Info", "id"=>"19"}
  [1m[35mMovie Load (0.1ms)[0m  SELECT "movies".* FROM "movies" WHERE "movies"."id" = ? LIMIT 1  [["id", "19"]]
  [1m[36m (127.1ms)[0m  [1mUPDATE "movies" SET "director" = 'Yoda', "updated_at" = '2013-08-15 17:15:33.965035' WHERE "movies"."id" = 19[0m
Redirected to http://localhost:3000/movies/19
Completed 302 Found in 536ms


Started GET "/movies/19" for 127.0.0.1 at 2013-08-15 12:15:34 -0500
  Processing by MoviesController#show as HTML
  Parameters: {"id"=>"19"}
  [1m[35mMovie Load (0.1ms)[0m  SELECT "movies".* FROM "movies" WHERE "movies"."id" = ? LIMIT 1  [["id", "19"]]
Rendered movies/show.html.haml within layouts/application (5.0ms)
Completed 200 OK in 9ms (Views: 7.8ms | ActiveRecord: 0.3ms)


Started GET "/movies" for 127.0.0.1 at 2013-08-15 12:15:42 -0500
  Processing by MoviesController#index as HTML
  [1m[36mMovie Load (0.2ms)[0m  [1mSELECT "movies".* FROM "movies" WHERE "movies"."rating" IN ('G', 'PG', 'PG-13', 'NC-17', 'R')[0m
Rendered movies/index.html.haml within layouts/application (10.4ms)
Completed 200 OK in 16ms (Views: 13.3ms | ActiveRecord: 0.3ms)


Started GET "/movies/20" for 127.0.0.1 at 2013-08-15 12:15:49 -0500
  Processing by MoviesController#show as HTML
  Parameters: {"id"=>"20"}
  [1m[35mMovie Load (0.1ms)[0m  SELECT "movies".* FROM "movies" WHERE "movies"."id" = ? LIMIT 1  [["id", "20"]]
Rendered movies/show.html.haml within layouts/application (5.1ms)
Completed 200 OK in 30ms (Views: 29.1ms | ActiveRecord: 0.2ms)


Started GET "/movies/same_director/20" for 127.0.0.1 at 2013-08-15 12:16:00 -0500
  Processing by MoviesController#same_director as HTML
  Parameters: {"id"=>"20"}
  [1m[36mMovie Load (0.1ms)[0m  [1mSELECT "movies".* FROM "movies" WHERE "movies"."id" = ? LIMIT 1[0m  [["id", "20"]]
  [1m[35mMovie Load (0.3ms)[0m  SELECT "movies".* FROM "movies" WHERE "movies"."director" = 'Yoda'
Redirected to http://localhost:3000/movies
Completed 302 Found in 67ms


Started GET "/movies" for 127.0.0.1 at 2013-08-15 12:16:00 -0500
  Processing by MoviesController#index as HTML
  [1m[36mMovie Load (0.2ms)[0m  [1mSELECT "movies".* FROM "movies" WHERE "movies"."rating" IN ('G', 'PG', 'PG-13', 'NC-17', 'R')[0m
Rendered movies/index.html.haml within layouts/application (10.5ms)
Completed 200 OK in 15ms (Views: 13.6ms | ActiveRecord: 0.3ms)


Started GET "/movies/10" for 127.0.0.1 at 2013-08-15 12:16:24 -0500
  Processing by MoviesController#show as HTML
  Parameters: {"id"=>"10"}
  [1m[35mMovie Load (0.1ms)[0m  SELECT "movies".* FROM "movies" WHERE "movies"."id" = ? LIMIT 1  [["id", "10"]]
Rendered movies/show.html.haml within layouts/application (4.9ms)
Completed 200 OK in 9ms (Views: 7.7ms | ActiveRecord: 0.3ms)


Started DELETE "/movies/10" for 127.0.0.1 at 2013-08-15 12:16:28 -0500
  Processing by MoviesController#destroy as HTML
  Parameters: {"authenticity_token"=>"qkgUgYUBSB6cvRhtSawIJhlFS2OLS/v8lqkluAReB/U=", "id"=>"10"}
  [1m[36mMovie Load (0.1ms)[0m  [1mSELECT "movies".* FROM "movies" WHERE "movies"."id" = ? LIMIT 1[0m  [["id", "10"]]
  [1m[35mSQL (0.1ms)[0m  DELETE FROM "movies" WHERE "movies"."id" = ?  [["id", 10]]
Redirected to http://localhost:3000/movies
Completed 302 Found in 249ms


Started GET "/movies" for 127.0.0.1 at 2013-08-15 12:16:28 -0500
  Processing by MoviesController#index as HTML
  [1m[36mMovie Load (0.2ms)[0m  [1mSELECT "movies".* FROM "movies" WHERE "movies"."rating" IN ('G', 'PG', 'PG-13', 'NC-17', 'R')[0m
Rendered movies/index.html.haml within layouts/application (10.3ms)
Completed 200 OK in 15ms (Views: 13.5ms | ActiveRecord: 0.3ms)


Started GET "/movies/20" for 127.0.0.1 at 2013-08-15 12:16:31 -0500
  Processing by MoviesController#show as HTML
  Parameters: {"id"=>"20"}
  [1m[35mMovie Load (0.1ms)[0m  SELECT "movies".* FROM "movies" WHERE "movies"."id" = ? LIMIT 1  [["id", "20"]]
Rendered movies/show.html.haml within layouts/application (26.6ms)
Completed 200 OK in 32ms (Views: 29.4ms | ActiveRecord: 0.4ms)


Started GET "/movies/same_director/20" for 127.0.0.1 at 2013-08-15 12:16:41 -0500
  Processing by MoviesController#same_director as HTML
  Parameters: {"id"=>"20"}
  [1m[36mMovie Load (0.1ms)[0m  [1mSELECT "movies".* FROM "movies" WHERE "movies"."id" = ? LIMIT 1[0m  [["id", "20"]]
  [1m[35mMovie Load (0.1ms)[0m  SELECT "movies".* FROM "movies" WHERE "movies"."director" = 'Yoda'
Redirected to http://localhost:3000/movies
Completed 302 Found in 7ms


Started GET "/movies" for 127.0.0.1 at 2013-08-15 12:16:41 -0500
  Processing by MoviesController#index as HTML
  [1m[36mMovie Load (0.1ms)[0m  [1mSELECT "movies".* FROM "movies" WHERE "movies"."rating" IN ('G', 'PG', 'PG-13', 'NC-17', 'R')[0m
Rendered movies/index.html.haml within layouts/application (10.3ms)
Completed 200 OK in 14ms (Views: 13.1ms | ActiveRecord: 0.3ms)


Started GET "/movies" for 127.0.0.1 at 2013-08-15 12:16:52 -0500
  Processing by MoviesController#index as HTML
  [1m[35mMovie Load (0.2ms)[0m  SELECT "movies".* FROM "movies" WHERE "movies"."rating" IN ('G', 'PG', 'PG-13', 'NC-17', 'R')
Rendered movies/index.html.haml within layouts/application (10.2ms)
Completed 200 OK in 15ms (Views: 13.1ms | ActiveRecord: 0.3ms)


Started GET "/assets/jquery.js?body=1" for 127.0.0.1 at 2013-08-15 12:16:52 -0500
Served asset /jquery.js - 304 Not Modified (0ms)


Started GET "/assets/application.js?body=1" for 127.0.0.1 at 2013-08-15 12:16:52 -0500
Served asset /application.js - 304 Not Modified (0ms)


Started GET "/assets/jquery_ujs.js?body=1" for 127.0.0.1 at 2013-08-15 12:16:52 -0500
Served asset /jquery_ujs.js - 304 Not Modified (0ms)


Started GET "/assets/application.css?body=1" for 127.0.0.1 at 2013-08-15 12:16:52 -0500
Served asset /application.css - 304 Not Modified (0ms)


Started GET "/movies/20" for 127.0.0.1 at 2013-08-15 12:17:20 -0500
  Processing by MoviesController#show as HTML
  Parameters: {"id"=>"20"}
  [1m[36mMovie Load (0.2ms)[0m  [1mSELECT "movies".* FROM "movies" WHERE "movies"."id" = ? LIMIT 1[0m  [["id", "20"]]
Rendered movies/show.html.haml within layouts/application (5.3ms)
Completed 200 OK in 9ms (Views: 8.1ms | ActiveRecord: 0.3ms)


Started GET "/assets/jquery_ujs.js?body=1" for 127.0.0.1 at 2013-08-15 12:17:21 -0500
Served asset /jquery_ujs.js - 304 Not Modified (0ms)


Started GET "/assets/application.css?body=1" for 127.0.0.1 at 2013-08-15 12:17:21 -0500
Served asset /application.css - 304 Not Modified (0ms)


Started GET "/assets/jquery.js?body=1" for 127.0.0.1 at 2013-08-15 12:17:21 -0500
Served asset /jquery.js - 304 Not Modified (0ms)


Started GET "/assets/application.js?body=1" for 127.0.0.1 at 2013-08-15 12:17:21 -0500
Served asset /application.js - 304 Not Modified (0ms)


Started GET "/movies/same_director/20" for 127.0.0.1 at 2013-08-15 12:17:29 -0500
  Processing by MoviesController#same_director as HTML
  Parameters: {"id"=>"20"}
  [1m[35mMovie Load (0.1ms)[0m  SELECT "movies".* FROM "movies" WHERE "movies"."id" = ? LIMIT 1  [["id", "20"]]
  [1m[36mMovie Load (0.1ms)[0m  [1mSELECT "movies".* FROM "movies" WHERE "movies"."director" = 'Yoda'[0m
Redirected to http://localhost:3000/movies
Completed 302 Found in 6ms


Started GET "/movies" for 127.0.0.1 at 2013-08-15 12:17:29 -0500
  Processing by MoviesController#index as HTML
  [1m[35mMovie Load (0.2ms)[0m  SELECT "movies".* FROM "movies" WHERE "movies"."rating" IN ('G', 'PG', 'PG-13', 'NC-17', 'R')
Rendered movies/index.html.haml within layouts/application (11.3ms)
Completed 200 OK in 16ms (Views: 14.3ms | ActiveRecord: 0.3ms)


Started GET "/assets/jquery.js?body=1" for 127.0.0.1 at 2013-08-15 12:17:29 -0500
Served asset /jquery.js - 304 Not Modified (0ms)


Started GET "/assets/application.js?body=1" for 127.0.0.1 at 2013-08-15 12:17:29 -0500
Served asset /application.js - 304 Not Modified (0ms)


Started GET "/assets/jquery_ujs.js?body=1" for 127.0.0.1 at 2013-08-15 12:17:29 -0500
Served asset /jquery_ujs.js - 304 Not Modified (0ms)


Started GET "/assets/application.css?body=1" for 127.0.0.1 at 2013-08-15 12:17:29 -0500
Served asset /application.css - 304 Not Modified (0ms)


Started GET "/movies" for 127.0.0.1 at 2013-08-15 18:26:15 -0500
  Processing by MoviesController#index as HTML
  [1m[36mMovie Load (0.2ms)[0m  [1mSELECT "movies".* FROM "movies" WHERE "movies"."rating" IN ('G', 'PG', 'PG-13', 'NC-17', 'R')[0m
Rendered movies/index.html.haml within layouts/application (27.0ms)
Completed 200 OK in 276ms (Views: 272.8ms | ActiveRecord: 0.3ms)


Started GET "/assets/jquery.js?body=1" for 127.0.0.1 at 2013-08-15 18:26:21 -0500
Served asset /jquery.js - 304 Not Modified (35ms)


Started GET "/assets/jquery_ujs.js?body=1" for 127.0.0.1 at 2013-08-15 18:26:21 -0500
Served asset /jquery_ujs.js - 304 Not Modified (2ms)


Started GET "/assets/application.js?body=1" for 127.0.0.1 at 2013-08-15 18:26:21 -0500
Served asset /application.js - 304 Not Modified (0ms)


Started GET "/assets/application.css?body=1" for 127.0.0.1 at 2013-08-15 18:26:21 -0500
Served asset /application.css - 304 Not Modified (0ms)


Started GET "/movies/20" for 127.0.0.1 at 2013-08-15 18:26:49 -0500
  Processing by MoviesController#show as HTML
  Parameters: {"id"=>"20"}
  [1m[35mMovie Load (0.1ms)[0m  SELECT "movies".* FROM "movies" WHERE "movies"."id" = ? LIMIT 1  [["id", "20"]]
Rendered movies/show.html.haml within layouts/application (64427.5ms)
Completed 500 Internal Server Error in 64478ms

ActionView::Template::Error (undefined method `same_directory_url' for #<#<Class:0x000000043b06b0>:0x000000043b9300>):
    9: 
    10:   - debugger
    11:   %li
    12:     = link_to 'Find Movies With Same Director', same_directory_url(:id => @movie.id), {:id => @movie.id} 
    13: 
    14:   %li
    15:     Released on:
  app/views/movies/show.html.haml:12:in `_app_views_movies_show_html_haml__1528978281052941747_35503000'

Rendered /usr/local/lib/ruby/gems/1.9.1/gems/actionpack-3.1.0/lib/action_dispatch/middleware/templates/rescues/_trace.erb (1.3ms)
Rendered /usr/local/lib/ruby/gems/1.9.1/gems/actionpack-3.1.0/lib/action_dispatch/middleware/templates/rescues/_request_and_response.erb (2.4ms)
Rendered /usr/local/lib/ruby/gems/1.9.1/gems/actionpack-3.1.0/lib/action_dispatch/middleware/templates/rescues/template_error.erb within rescues/layout (39.5ms)


Started GET "/movies/20" for 127.0.0.1 at 2013-08-15 18:28:35 -0500
  Processing by MoviesController#show as HTML
  Parameters: {"id"=>"20"}
  [1m[36mMovie Load (0.1ms)[0m  [1mSELECT "movies".* FROM "movies" WHERE "movies"."id" = ? LIMIT 1[0m  [["id", "20"]]
Rendered movies/show.html.haml within layouts/application (39721.5ms)
Completed 500 Internal Server Error in 39740ms

ActionView::Template::Error (undefined method `same_directory_url' for #<#<Class:0x000000044f77d0>:0x000000044ef7b0>):
    9: 
    10:   - debugger
    11:   %li
    12:     = link_to 'Find Movies With Same Director', same_directory_url(@movie.id), {:id => @movie.id} 
    13: 
    14:   %li
    15:     Released on:
  app/views/movies/show.html.haml:12:in `_app_views_movies_show_html_haml__1528978281052941747_36149020'

Rendered /usr/local/lib/ruby/gems/1.9.1/gems/actionpack-3.1.0/lib/action_dispatch/middleware/templates/rescues/_trace.erb (20.3ms)
Rendered /usr/local/lib/ruby/gems/1.9.1/gems/actionpack-3.1.0/lib/action_dispatch/middleware/templates/rescues/_request_and_response.erb (0.9ms)
Rendered /usr/local/lib/ruby/gems/1.9.1/gems/actionpack-3.1.0/lib/action_dispatch/middleware/templates/rescues/template_error.erb within rescues/layout (34.5ms)


Started GET "/movies/20" for 127.0.0.1 at 2013-08-15 18:30:12 -0500
  Processing by MoviesController#show as HTML
  Parameters: {"id"=>"20"}
  [1m[35mMovie Load (0.1ms)[0m  SELECT "movies".* FROM "movies" WHERE "movies"."id" = ? LIMIT 1  [["id", "20"]]
Rendered movies/show.html.haml within layouts/application (4752.0ms)
Completed 200 OK in 4762ms (Views: 4759.4ms | ActiveRecord: 0.4ms)


Started GET "/assets/application.css?body=1" for 127.0.0.1 at 2013-08-15 18:30:17 -0500
Served asset /application.css - 304 Not Modified (0ms)


Started GET "/assets/jquery.js?body=1" for 127.0.0.1 at 2013-08-15 18:30:17 -0500
Served asset /jquery.js - 304 Not Modified (0ms)


Started GET "/assets/application.js?body=1" for 127.0.0.1 at 2013-08-15 18:30:17 -0500
Served asset /application.js - 304 Not Modified (0ms)


Started GET "/assets/jquery_ujs.js?body=1" for 127.0.0.1 at 2013-08-15 18:30:17 -0500
Served asset /jquery_ujs.js - 304 Not Modified (0ms)


Started GET "/movies/20" for 127.0.0.1 at 2013-08-15 18:30:44 -0500
  Processing by MoviesController#show as HTML
  Parameters: {"id"=>"20"}
  [1m[36mMovie Load (0.1ms)[0m  [1mSELECT "movies".* FROM "movies" WHERE "movies"."id" = ? LIMIT 1[0m  [["id", "20"]]
Rendered movies/show.html.haml within layouts/application (35.3ms)
Completed 200 OK in 42ms (Views: 39.6ms | ActiveRecord: 0.4ms)


Started GET "/assets/jquery.js?body=1" for 127.0.0.1 at 2013-08-15 18:30:44 -0500
Served asset /jquery.js - 304 Not Modified (0ms)


Started GET "/assets/jquery_ujs.js?body=1" for 127.0.0.1 at 2013-08-15 18:30:44 -0500
Served asset /jquery_ujs.js - 304 Not Modified (0ms)


Started GET "/assets/application.css?body=1" for 127.0.0.1 at 2013-08-15 18:30:44 -0500
Served asset /application.css - 304 Not Modified (0ms)


Started GET "/assets/application.js?body=1" for 127.0.0.1 at 2013-08-15 18:30:44 -0500
Served asset /application.js - 304 Not Modified (0ms)


Started GET "/assets/jquery_ujs.js?body=1" for 127.0.0.1 at 2013-08-15 18:30:44 -0500
Served asset /jquery_ujs.js - 304 Not Modified (0ms)


Started GET "/assets/application.js?body=1" for 127.0.0.1 at 2013-08-15 18:30:44 -0500
Served asset /application.js - 304 Not Modified (0ms)


Started GET "/movies/20" for 127.0.0.1 at 2013-08-15 18:30:45 -0500
  Processing by MoviesController#show as HTML
  Parameters: {"id"=>"20"}
  [1m[35mMovie Load (0.1ms)[0m  SELECT "movies".* FROM "movies" WHERE "movies"."id" = ? LIMIT 1  [["id", "20"]]
Rendered movies/show.html.haml within layouts/application (8.1ms)
Completed 200 OK in 14ms (Views: 12.1ms | ActiveRecord: 0.4ms)


Started GET "/assets/application.css?body=1" for 127.0.0.1 at 2013-08-15 18:30:45 -0500
Served asset /application.css - 304 Not Modified (0ms)


Started GET "/assets/jquery.js?body=1" for 127.0.0.1 at 2013-08-15 18:30:45 -0500
Served asset /jquery.js - 304 Not Modified (0ms)


Started GET "/assets/jquery_ujs.js?body=1" for 127.0.0.1 at 2013-08-15 18:30:45 -0500
Served asset /jquery_ujs.js - 304 Not Modified (0ms)


Started GET "/assets/application.js?body=1" for 127.0.0.1 at 2013-08-15 18:30:45 -0500
Served asset /application.js - 304 Not Modified (0ms)


Started GET "/movies/same_director/20" for 127.0.0.1 at 2013-08-15 18:30:49 -0500
  Processing by MoviesController#same_director as HTML
  Parameters: {"id"=>"20"}
  [1m[36mMovie Load (0.1ms)[0m  [1mSELECT "movies".* FROM "movies" WHERE "movies"."id" = ? LIMIT 1[0m  [["id", "20"]]
  [1m[35mMovie Load (0.2ms)[0m  SELECT "movies".* FROM "movies" WHERE "movies"."director" = 'Yoda'
Rendered movies/same_director.html.haml within layouts/application (7.8ms)
Completed 200 OK in 80ms (Views: 27.5ms | ActiveRecord: 0.8ms)


Started GET "/assets/application.css?body=1" for 127.0.0.1 at 2013-08-15 18:30:49 -0500
Served asset /application.css - 304 Not Modified (0ms)


Started GET "/assets/jquery.js?body=1" for 127.0.0.1 at 2013-08-15 18:30:49 -0500
Served asset /jquery.js - 304 Not Modified (0ms)


Started GET "/assets/jquery_ujs.js?body=1" for 127.0.0.1 at 2013-08-15 18:30:49 -0500
Served asset /jquery_ujs.js - 304 Not Modified (0ms)


Started GET "/assets/application.js?body=1" for 127.0.0.1 at 2013-08-15 18:30:49 -0500
Served asset /application.js - 304 Not Modified (0ms)


Started GET "/movies?sort=title" for 127.0.0.1 at 2013-08-15 18:30:54 -0500
  Processing by MoviesController#index as HTML
  Parameters: {"sort"=>"title"}
Redirected to http://localhost:3000/movies?ratings%5BG%5D=G&ratings%5BNC-17%5D=NC-17&ratings%5BPG%5D=PG&ratings%5BPG-13%5D=PG-13&ratings%5BR%5D=R&sort=title
Completed 302 Found in 1ms


Started GET "/movies?ratings%5BG%5D=G&ratings%5BNC-17%5D=NC-17&ratings%5BPG%5D=PG&ratings%5BPG-13%5D=PG-13&ratings%5BR%5D=R&sort=title" for 127.0.0.1 at 2013-08-15 18:30:54 -0500
  Processing by MoviesController#index as HTML
  Parameters: {"ratings"=>{"G"=>"G", "NC-17"=>"NC-17", "PG"=>"PG", "PG-13"=>"PG-13", "R"=>"R"}, "sort"=>"title"}
Redirected to http://localhost:3000/movies?ratings%5BG%5D=G&ratings%5BNC-17%5D=NC-17&ratings%5BPG%5D=PG&ratings%5BPG-13%5D=PG-13&ratings%5BR%5D=R&sort=title
Completed 302 Found in 1ms


Started GET "/movies?ratings%5BG%5D=G&ratings%5BNC-17%5D=NC-17&ratings%5BPG%5D=PG&ratings%5BPG-13%5D=PG-13&ratings%5BR%5D=R&sort=title" for 127.0.0.1 at 2013-08-15 18:30:55 -0500
  Processing by MoviesController#index as HTML
  Parameters: {"ratings"=>{"G"=>"G", "NC-17"=>"NC-17", "PG"=>"PG", "PG-13"=>"PG-13", "R"=>"R"}, "sort"=>"title"}
  [1m[36mMovie Load (0.3ms)[0m  [1mSELECT "movies".* FROM "movies" WHERE "movies"."rating" IN ('G', 'NC-17', 'PG', 'PG-13', 'R') ORDER BY title[0m
Rendered movies/index.html.haml within layouts/application (20.0ms)
Completed 200 OK in 27ms (Views: 24.3ms | ActiveRecord: 0.5ms)


Started GET "/assets/jquery.js?body=1" for 127.0.0.1 at 2013-08-15 18:30:55 -0500
Served asset /jquery.js - 304 Not Modified (0ms)


Started GET "/assets/jquery_ujs.js?body=1" for 127.0.0.1 at 2013-08-15 18:30:55 -0500
Served asset /jquery_ujs.js - 304 Not Modified (0ms)


Started GET "/assets/application.js?body=1" for 127.0.0.1 at 2013-08-15 18:30:55 -0500
Served asset /application.js - 304 Not Modified (0ms)


Started GET "/assets/application.css?body=1" for 127.0.0.1 at 2013-08-15 18:30:55 -0500
Served asset /application.css - 304 Not Modified (0ms)


Started GET "/movies/14" for 127.0.0.1 at 2013-08-15 18:31:02 -0500
  Processing by MoviesController#show as HTML
  Parameters: {"id"=>"14"}
  [1m[35mMovie Load (0.1ms)[0m  SELECT "movies".* FROM "movies" WHERE "movies"."id" = ? LIMIT 1  [["id", "14"]]
Rendered movies/show.html.haml within layouts/application (7.9ms)
Completed 200 OK in 14ms (Views: 11.8ms | ActiveRecord: 0.4ms)


Started GET "/assets/jquery.js?body=1" for 127.0.0.1 at 2013-08-15 18:31:02 -0500
Served asset /jquery.js - 304 Not Modified (0ms)


Started GET "/assets/application.css?body=1" for 127.0.0.1 at 2013-08-15 18:31:02 -0500
Served asset /application.css - 304 Not Modified (0ms)


Started GET "/assets/application.js?body=1" for 127.0.0.1 at 2013-08-15 18:31:02 -0500
Served asset /application.js - 304 Not Modified (0ms)


Started GET "/assets/jquery_ujs.js?body=1" for 127.0.0.1 at 2013-08-15 18:31:02 -0500
Served asset /jquery_ujs.js - 304 Not Modified (0ms)


Started GET "/assets/application.js?body=1" for 127.0.0.1 at 2013-08-15 18:31:02 -0500
Served asset /application.js - 304 Not Modified (0ms)


Started GET "/movies/same_director/14" for 127.0.0.1 at 2013-08-15 18:31:05 -0500
  Processing by MoviesController#same_director as HTML
  Parameters: {"id"=>"14"}
  [1m[36mMovie Load (0.1ms)[0m  [1mSELECT "movies".* FROM "movies" WHERE "movies"."id" = ? LIMIT 1[0m  [["id", "14"]]
  [1m[35mMovie Load (0.2ms)[0m  SELECT "movies".* FROM "movies" WHERE "movies"."director" IS NULL
Rendered movies/same_director.html.haml within layouts/application (10.1ms)
Completed 200 OK in 23ms (Views: 14.3ms | ActiveRecord: 0.6ms)


Started GET "/assets/application.css?body=1" for 127.0.0.1 at 2013-08-15 18:31:06 -0500
Served asset /application.css - 304 Not Modified (0ms)


Started GET "/assets/jquery.js?body=1" for 127.0.0.1 at 2013-08-15 18:31:06 -0500
Served asset /jquery.js - 304 Not Modified (0ms)


Started GET "/assets/application.js?body=1" for 127.0.0.1 at 2013-08-15 18:31:06 -0500
Served asset /application.js - 304 Not Modified (0ms)


Started GET "/assets/jquery_ujs.js?body=1" for 127.0.0.1 at 2013-08-15 18:31:06 -0500
Served asset /jquery_ujs.js - 304 Not Modified (0ms)


Started GET "/movies?sort=title" for 127.0.0.1 at 2013-08-15 18:31:10 -0500
  Processing by MoviesController#index as HTML
  Parameters: {"sort"=>"title"}
Redirected to http://localhost:3000/movies?ratings%5BG%5D=G&ratings%5BNC-17%5D=NC-17&ratings%5BPG%5D=PG&ratings%5BPG-13%5D=PG-13&ratings%5BR%5D=R&sort=title
Completed 302 Found in 1ms


Started GET "/movies?ratings%5BG%5D=G&ratings%5BNC-17%5D=NC-17&ratings%5BPG%5D=PG&ratings%5BPG-13%5D=PG-13&ratings%5BR%5D=R&sort=title" for 127.0.0.1 at 2013-08-15 18:31:10 -0500
  Processing by MoviesController#index as HTML
  Parameters: {"ratings"=>{"G"=>"G", "NC-17"=>"NC-17", "PG"=>"PG", "PG-13"=>"PG-13", "R"=>"R"}, "sort"=>"title"}
  [1m[36mMovie Load (0.3ms)[0m  [1mSELECT "movies".* FROM "movies" WHERE "movies"."rating" IN ('G', 'NC-17', 'PG', 'PG-13', 'R') ORDER BY title[0m
Rendered movies/index.html.haml within layouts/application (19.4ms)
Completed 200 OK in 26ms (Views: 23.7ms | ActiveRecord: 0.5ms)


Started GET "/assets/application.css?body=1" for 127.0.0.1 at 2013-08-15 18:31:10 -0500
Served asset /application.css - 304 Not Modified (0ms)


Started GET "/assets/application.js?body=1" for 127.0.0.1 at 2013-08-15 18:31:10 -0500
Served asset /application.js - 304 Not Modified (0ms)


Started GET "/assets/jquery_ujs.js?body=1" for 127.0.0.1 at 2013-08-15 18:31:10 -0500
Served asset /jquery_ujs.js - 304 Not Modified (0ms)


Started GET "/assets/jquery.js?body=1" for 127.0.0.1 at 2013-08-15 18:31:10 -0500
Served asset /jquery.js - 304 Not Modified (0ms)


Started GET "/assets/jquery_ujs.js?body=1" for 127.0.0.1 at 2013-08-15 18:31:10 -0500
Served asset /jquery_ujs.js - 304 Not Modified (0ms)


Started GET "/assets/application.js?body=1" for 127.0.0.1 at 2013-08-15 18:31:10 -0500
Served asset /application.js - 304 Not Modified (0ms)


Started GET "/movies/1" for 127.0.0.1 at 2013-08-15 18:31:20 -0500
  Processing by MoviesController#show as HTML
  Parameters: {"id"=>"1"}
  [1m[35mMovie Load (0.1ms)[0m  SELECT "movies".* FROM "movies" WHERE "movies"."id" = ? LIMIT 1  [["id", "1"]]
Rendered movies/show.html.haml within layouts/application (7.7ms)
Completed 200 OK in 14ms (Views: 11.7ms | ActiveRecord: 0.4ms)


Started GET "/assets/jquery.js?body=1" for 127.0.0.1 at 2013-08-15 18:31:20 -0500
Served asset /jquery.js - 304 Not Modified (0ms)


Started GET "/assets/application.css?body=1" for 127.0.0.1 at 2013-08-15 18:31:20 -0500
Served asset /application.css - 304 Not Modified (0ms)


Started GET "/assets/application.js?body=1" for 127.0.0.1 at 2013-08-15 18:31:20 -0500
Served asset /application.js - 304 Not Modified (0ms)


Started GET "/assets/jquery_ujs.js?body=1" for 127.0.0.1 at 2013-08-15 18:31:20 -0500
Served asset /jquery_ujs.js - 304 Not Modified (0ms)


Started GET "/movies/1/edit" for 127.0.0.1 at 2013-08-15 18:31:22 -0500
  Processing by MoviesController#edit as HTML
  Parameters: {"id"=>"1"}
  [1m[36mMovie Load (0.1ms)[0m  [1mSELECT "movies".* FROM "movies" WHERE "movies"."id" = ? LIMIT 1[0m  [["id", "1"]]
Rendered movies/edit.html.haml within layouts/application (42.9ms)
Completed 200 OK in 65ms (Views: 63.2ms | ActiveRecord: 0.4ms)


Started GET "/assets/jquery_ujs.js?body=1" for 127.0.0.1 at 2013-08-15 18:31:22 -0500
Served asset /jquery_ujs.js - 304 Not Modified (0ms)


Started GET "/assets/application.css?body=1" for 127.0.0.1 at 2013-08-15 18:31:22 -0500
Served asset /application.css - 304 Not Modified (0ms)


Started GET "/assets/jquery.js?body=1" for 127.0.0.1 at 2013-08-15 18:31:22 -0500
Served asset /jquery.js - 304 Not Modified (0ms)


Started GET "/assets/application.js?body=1" for 127.0.0.1 at 2013-08-15 18:31:22 -0500
Served asset /application.js - 304 Not Modified (0ms)


Started GET "/assets/jquery_ujs.js?body=1" for 127.0.0.1 at 2013-08-15 18:31:22 -0500
Served asset /jquery_ujs.js - 304 Not Modified (0ms)


Started GET "/assets/application.js?body=1" for 127.0.0.1 at 2013-08-15 18:31:22 -0500
Served asset /application.js - 304 Not Modified (0ms)


Started PUT "/movies/1" for 127.0.0.1 at 2013-08-15 18:31:25 -0500
  Processing by MoviesController#update as HTML
  Parameters: {"utf8"=>"✓", "authenticity_token"=>"qkgUgYUBSB6cvRhtSawIJhlFS2OLS/v8lqkluAReB/U=", "movie"=>{"title"=>"Aladdin", "rating"=>"G", "director"=>"a", "release_date(1i)"=>"1992", "release_date(2i)"=>"11", "release_date(3i)"=>"25"}, "commit"=>"Update Movie Info", "id"=>"1"}
  [1m[35mMovie Load (0.2ms)[0m  SELECT "movies".* FROM "movies" WHERE "movies"."id" = ? LIMIT 1  [["id", "1"]]
  [1m[36m (198.1ms)[0m  [1mUPDATE "movies" SET "director" = 'a', "updated_at" = '2013-08-15 23:31:25.642228' WHERE "movies"."id" = 1[0m
Redirected to http://localhost:3000/movies/1
Completed 302 Found in 563ms


Started GET "/movies/1" for 127.0.0.1 at 2013-08-15 18:31:26 -0500
  Processing by MoviesController#show as HTML
  Parameters: {"id"=>"1"}
  [1m[35mMovie Load (0.1ms)[0m  SELECT "movies".* FROM "movies" WHERE "movies"."id" = ? LIMIT 1  [["id", "1"]]
Rendered movies/show.html.haml within layouts/application (7.9ms)
Completed 200 OK in 14ms (Views: 12.0ms | ActiveRecord: 0.4ms)


Started GET "/assets/jquery.js?body=1" for 127.0.0.1 at 2013-08-15 18:31:26 -0500
Served asset /jquery.js - 304 Not Modified (0ms)


Started GET "/assets/application.css?body=1" for 127.0.0.1 at 2013-08-15 18:31:26 -0500
Served asset /application.css - 304 Not Modified (0ms)


Started GET "/assets/application.js?body=1" for 127.0.0.1 at 2013-08-15 18:31:26 -0500
Served asset /application.js - 304 Not Modified (0ms)


Started GET "/assets/jquery_ujs.js?body=1" for 127.0.0.1 at 2013-08-15 18:31:26 -0500
Served asset /jquery_ujs.js - 304 Not Modified (0ms)


Started GET "/movies" for 127.0.0.1 at 2013-08-15 18:31:29 -0500
  Processing by MoviesController#index as HTML
Redirected to http://localhost:3000/movies?ratings%5BG%5D=G&ratings%5BNC-17%5D=NC-17&ratings%5BPG%5D=PG&ratings%5BPG-13%5D=PG-13&ratings%5BR%5D=R&sort=title
Completed 302 Found in 1ms


Started GET "/movies?ratings%5BG%5D=G&ratings%5BNC-17%5D=NC-17&ratings%5BPG%5D=PG&ratings%5BPG-13%5D=PG-13&ratings%5BR%5D=R&sort=title" for 127.0.0.1 at 2013-08-15 18:31:29 -0500
  Processing by MoviesController#index as HTML
  Parameters: {"ratings"=>{"G"=>"G", "NC-17"=>"NC-17", "PG"=>"PG", "PG-13"=>"PG-13", "R"=>"R"}, "sort"=>"title"}
  [1m[36mMovie Load (0.2ms)[0m  [1mSELECT "movies".* FROM "movies" WHERE "movies"."rating" IN ('G', 'NC-17', 'PG', 'PG-13', 'R') ORDER BY title[0m
Rendered movies/index.html.haml within layouts/application (18.8ms)
Completed 200 OK in 25ms (Views: 22.9ms | ActiveRecord: 0.5ms)


Started GET "/assets/application.css?body=1" for 127.0.0.1 at 2013-08-15 18:31:29 -0500
Served asset /application.css - 304 Not Modified (0ms)


Started GET "/assets/jquery.js?body=1" for 127.0.0.1 at 2013-08-15 18:31:29 -0500
Served asset /jquery.js - 304 Not Modified (0ms)


Started GET "/assets/jquery_ujs.js?body=1" for 127.0.0.1 at 2013-08-15 18:31:29 -0500
Served asset /jquery_ujs.js - 304 Not Modified (0ms)


Started GET "/assets/application.js?body=1" for 127.0.0.1 at 2013-08-15 18:31:29 -0500
Served asset /application.js - 304 Not Modified (0ms)


Started GET "/movies/11" for 127.0.0.1 at 2013-08-15 18:31:35 -0500
  Processing by MoviesController#show as HTML
  Parameters: {"id"=>"11"}
  [1m[35mMovie Load (0.1ms)[0m  SELECT "movies".* FROM "movies" WHERE "movies"."id" = ? LIMIT 1  [["id", "11"]]
Rendered movies/show.html.haml within layouts/application (7.5ms)
Completed 200 OK in 14ms (Views: 11.6ms | ActiveRecord: 0.4ms)


Started GET "/assets/jquery.js?body=1" for 127.0.0.1 at 2013-08-15 18:31:35 -0500
Served asset /jquery.js - 304 Not Modified (0ms)


Started GET "/assets/jquery_ujs.js?body=1" for 127.0.0.1 at 2013-08-15 18:31:35 -0500
Served asset /jquery_ujs.js - 304 Not Modified (0ms)


Started GET "/assets/application.css?body=1" for 127.0.0.1 at 2013-08-15 18:31:35 -0500
Served asset /application.css - 304 Not Modified (0ms)


Started GET "/assets/application.js?body=1" for 127.0.0.1 at 2013-08-15 18:31:35 -0500
Served asset /application.js - 304 Not Modified (0ms)


Started DELETE "/movies/11" for 127.0.0.1 at 2013-08-15 18:31:38 -0500
  Processing by MoviesController#destroy as HTML
  Parameters: {"authenticity_token"=>"qkgUgYUBSB6cvRhtSawIJhlFS2OLS/v8lqkluAReB/U=", "id"=>"11"}
  [1m[36mMovie Load (0.1ms)[0m  [1mSELECT "movies".* FROM "movies" WHERE "movies"."id" = ? LIMIT 1[0m  [["id", "11"]]
  [1m[35mSQL (0.2ms)[0m  DELETE FROM "movies" WHERE "movies"."id" = ?  [["id", 11]]
Redirected to http://localhost:3000/movies
Completed 302 Found in 139ms


Started GET "/movies" for 127.0.0.1 at 2013-08-15 18:31:38 -0500
  Processing by MoviesController#index as HTML
Redirected to http://localhost:3000/movies?ratings%5BG%5D=G&ratings%5BNC-17%5D=NC-17&ratings%5BPG%5D=PG&ratings%5BPG-13%5D=PG-13&ratings%5BR%5D=R&sort=title
Completed 302 Found in 1ms


Started GET "/movies?ratings%5BG%5D=G&ratings%5BNC-17%5D=NC-17&ratings%5BPG%5D=PG&ratings%5BPG-13%5D=PG-13&ratings%5BR%5D=R&sort=title" for 127.0.0.1 at 2013-08-15 18:31:38 -0500
  Processing by MoviesController#index as HTML
  Parameters: {"ratings"=>{"G"=>"G", "NC-17"=>"NC-17", "PG"=>"PG", "PG-13"=>"PG-13", "R"=>"R"}, "sort"=>"title"}
  [1m[36mMovie Load (0.2ms)[0m  [1mSELECT "movies".* FROM "movies" WHERE "movies"."rating" IN ('G', 'NC-17', 'PG', 'PG-13', 'R') ORDER BY title[0m
Rendered movies/index.html.haml within layouts/application (19.5ms)
Completed 200 OK in 27ms (Views: 23.9ms | ActiveRecord: 0.5ms)


Started GET "/assets/application.css?body=1" for 127.0.0.1 at 2013-08-15 18:31:38 -0500
Served asset /application.css - 304 Not Modified (0ms)


Started GET "/assets/jquery.js?body=1" for 127.0.0.1 at 2013-08-15 18:31:38 -0500
Served asset /jquery.js - 304 Not Modified (0ms)


Started GET "/assets/jquery_ujs.js?body=1" for 127.0.0.1 at 2013-08-15 18:31:38 -0500
Served asset /jquery_ujs.js - 304 Not Modified (0ms)


Started GET "/assets/application.js?body=1" for 127.0.0.1 at 2013-08-15 18:31:38 -0500
Served asset /application.js - 304 Not Modified (0ms)


Started GET "/movies/1" for 127.0.0.1 at 2013-08-15 18:31:41 -0500
  Processing by MoviesController#show as HTML
  Parameters: {"id"=>"1"}
  [1m[35mMovie Load (0.1ms)[0m  SELECT "movies".* FROM "movies" WHERE "movies"."id" = ? LIMIT 1  [["id", "1"]]
Rendered movies/show.html.haml within layouts/application (30.5ms)
Completed 200 OK in 36ms (Views: 34.6ms | ActiveRecord: 0.4ms)


Started GET "/assets/jquery_ujs.js?body=1" for 127.0.0.1 at 2013-08-15 18:31:41 -0500
Served asset /jquery_ujs.js - 304 Not Modified (0ms)


Started GET "/assets/application.css?body=1" for 127.0.0.1 at 2013-08-15 18:31:41 -0500
Served asset /application.css - 304 Not Modified (0ms)


Started GET "/assets/application.js?body=1" for 127.0.0.1 at 2013-08-15 18:31:41 -0500
Served asset /application.js - 304 Not Modified (0ms)


Started GET "/assets/jquery.js?body=1" for 127.0.0.1 at 2013-08-15 18:31:41 -0500
Served asset /jquery.js - 304 Not Modified (0ms)


Started GET "/movies/same_director/1" for 127.0.0.1 at 2013-08-15 18:31:43 -0500
  Processing by MoviesController#same_director as HTML
  Parameters: {"id"=>"1"}
  [1m[36mMovie Load (0.1ms)[0m  [1mSELECT "movies".* FROM "movies" WHERE "movies"."id" = ? LIMIT 1[0m  [["id", "1"]]
  [1m[35mMovie Load (0.1ms)[0m  SELECT "movies".* FROM "movies" WHERE "movies"."director" = 'a'
Rendered movies/same_director.html.haml within layouts/application (1.8ms)
Completed 200 OK in 14ms (Views: 5.9ms | ActiveRecord: 0.5ms)


Started GET "/assets/application.css?body=1" for 127.0.0.1 at 2013-08-15 18:31:43 -0500
Served asset /application.css - 304 Not Modified (0ms)


Started GET "/assets/jquery.js?body=1" for 127.0.0.1 at 2013-08-15 18:31:43 -0500
Served asset /jquery.js - 304 Not Modified (0ms)


Started GET "/assets/application.js?body=1" for 127.0.0.1 at 2013-08-15 18:31:43 -0500
Served asset /application.js - 304 Not Modified (0ms)


Started GET "/assets/jquery_ujs.js?body=1" for 127.0.0.1 at 2013-08-15 18:31:43 -0500
Served asset /jquery_ujs.js - 304 Not Modified (0ms)


Started GET "/assets/application.js?body=1" for 127.0.0.1 at 2013-08-15 18:31:43 -0500
Served asset /application.js - 304 Not Modified (0ms)


Started GET "/movies/same_director/1" for 127.0.0.1 at 2013-08-15 18:36:46 -0500
  Processing by MoviesController#same_director as HTML
  Parameters: {"id"=>"1"}
  [1m[36mMovie Load (0.1ms)[0m  [1mSELECT "movies".* FROM "movies" WHERE "movies"."id" = ? LIMIT 1[0m  [["id", "1"]]
  [1m[35mMovie Load (0.1ms)[0m  SELECT "movies".* FROM "movies" WHERE "movies"."director" = 'a'
Completed 500 Internal Server Error in 8ms

NoMethodError (undefined method `where' for #<Array:0x000000043022e0>):
  app/controllers/movies_controller.rb:69:in `same_director'

Rendered /usr/local/lib/ruby/gems/1.9.1/gems/actionpack-3.1.0/lib/action_dispatch/middleware/templates/rescues/_trace.erb (3.4ms)
Rendered /usr/local/lib/ruby/gems/1.9.1/gems/actionpack-3.1.0/lib/action_dispatch/middleware/templates/rescues/_request_and_response.erb (2.4ms)
Rendered /usr/local/lib/ruby/gems/1.9.1/gems/actionpack-3.1.0/lib/action_dispatch/middleware/templates/rescues/diagnostics.erb within rescues/layout (11.2ms)


Started GET "/movies/1" for 127.0.0.1 at 2013-08-15 18:45:56 -0500
  Processing by MoviesController#show as HTML
  Parameters: {"id"=>"1"}
  [1m[36mMovie Load (0.1ms)[0m  [1mSELECT "movies".* FROM "movies" WHERE "movies"."id" = ? LIMIT 1[0m  [["id", "1"]]
Rendered movies/show.html.haml within layouts/application (8.9ms)
Completed 200 OK in 16ms (Views: 13.4ms | ActiveRecord: 0.5ms)


Started GET "/assets/jquery.js?body=1" for 127.0.0.1 at 2013-08-15 18:45:59 -0500
Served asset /jquery.js - 304 Not Modified (0ms)


Started GET "/assets/jquery_ujs.js?body=1" for 127.0.0.1 at 2013-08-15 18:45:59 -0500
Served asset /jquery_ujs.js - 304 Not Modified (0ms)


Started GET "/assets/application.css?body=1" for 127.0.0.1 at 2013-08-15 18:45:59 -0500
Served asset /application.css - 304 Not Modified (0ms)


Started GET "/assets/application.js?body=1" for 127.0.0.1 at 2013-08-15 18:45:59 -0500
Served asset /application.js - 304 Not Modified (0ms)


Started GET "/movies/same_director/1" for 127.0.0.1 at 2013-08-15 18:46:07 -0500
  Processing by MoviesController#same_director as HTML
  Parameters: {"id"=>"1"}
  [1m[35mMovie Load (0.1ms)[0m  SELECT "movies".* FROM "movies" WHERE "movies"."id" = ? LIMIT 1  [["id", "1"]]
  [1m[36mMovie Load (0.1ms)[0m  [1mSELECT "movies".* FROM "movies" WHERE "movies"."director" = 'a' AND (title != 'Aladdin')[0m
Redirected to http://localhost:3000/movies
Completed 302 Found in 8ms


Started GET "/movies" for 127.0.0.1 at 2013-08-15 18:46:07 -0500
  Processing by MoviesController#index as HTML
Redirected to http://localhost:3000/movies?ratings%5BG%5D=G&ratings%5BNC-17%5D=NC-17&ratings%5BPG%5D=PG&ratings%5BPG-13%5D=PG-13&ratings%5BR%5D=R&sort=title
Completed 302 Found in 1ms


Started GET "/movies?ratings%5BG%5D=G&ratings%5BNC-17%5D=NC-17&ratings%5BPG%5D=PG&ratings%5BPG-13%5D=PG-13&ratings%5BR%5D=R&sort=title" for 127.0.0.1 at 2013-08-15 18:46:07 -0500
  Processing by MoviesController#index as HTML
  Parameters: {"ratings"=>{"G"=>"G", "NC-17"=>"NC-17", "PG"=>"PG", "PG-13"=>"PG-13", "R"=>"R"}, "sort"=>"title"}
  [1m[35mMovie Load (0.3ms)[0m  SELECT "movies".* FROM "movies" WHERE "movies"."rating" IN ('G', 'NC-17', 'PG', 'PG-13', 'R') ORDER BY title
Rendered movies/index.html.haml within layouts/application (43.5ms)
Completed 200 OK in 51ms (Views: 47.9ms | ActiveRecord: 0.6ms)


Started GET "/assets/application.css?body=1" for 127.0.0.1 at 2013-08-15 18:46:08 -0500
Served asset /application.css - 304 Not Modified (0ms)


Started GET "/assets/jquery.js?body=1" for 127.0.0.1 at 2013-08-15 18:46:08 -0500
Served asset /jquery.js - 304 Not Modified (0ms)


Started GET "/assets/jquery_ujs.js?body=1" for 127.0.0.1 at 2013-08-15 18:46:08 -0500
Served asset /jquery_ujs.js - 304 Not Modified (0ms)


Started GET "/assets/application.js?body=1" for 127.0.0.1 at 2013-08-15 18:46:08 -0500
Served asset /application.js - 304 Not Modified (0ms)


Started GET "/movies/7" for 127.0.0.1 at 2013-08-15 18:46:52 -0500
  Processing by MoviesController#show as HTML
  Parameters: {"id"=>"7"}
  [1m[36mMovie Load (0.1ms)[0m  [1mSELECT "movies".* FROM "movies" WHERE "movies"."id" = ? LIMIT 1[0m  [["id", "7"]]
Rendered movies/show.html.haml within layouts/application (8.0ms)
Completed 200 OK in 14ms (Views: 12.0ms | ActiveRecord: 0.4ms)


Started GET "/assets/application.css?body=1" for 127.0.0.1 at 2013-08-15 18:46:52 -0500
Served asset /application.css - 304 Not Modified (0ms)


Started GET "/assets/jquery.js?body=1" for 127.0.0.1 at 2013-08-15 18:46:52 -0500
Served asset /jquery.js - 304 Not Modified (0ms)


Started GET "/assets/jquery_ujs.js?body=1" for 127.0.0.1 at 2013-08-15 18:46:52 -0500
Served asset /jquery_ujs.js - 304 Not Modified (0ms)


Started GET "/assets/application.js?body=1" for 127.0.0.1 at 2013-08-15 18:46:52 -0500
Served asset /application.js - 304 Not Modified (0ms)


Started GET "/movies/same_director/7" for 127.0.0.1 at 2013-08-15 18:46:54 -0500
  Processing by MoviesController#same_director as HTML
  Parameters: {"id"=>"7"}
  [1m[35mMovie Load (0.1ms)[0m  SELECT "movies".* FROM "movies" WHERE "movies"."id" = ? LIMIT 1  [["id", "7"]]
  [1m[36mMovie Load (0.2ms)[0m  [1mSELECT "movies".* FROM "movies" WHERE "movies"."director" IS NULL AND (title != '2001: A Space Odyssey')[0m
Rendered movies/same_director.html.haml within layouts/application (8.3ms)
Completed 200 OK in 21ms (Views: 12.5ms | ActiveRecord: 0.6ms)


Started GET "/assets/application.css?body=1" for 127.0.0.1 at 2013-08-15 18:46:54 -0500
Served asset /application.css - 304 Not Modified (0ms)


Started GET "/assets/jquery_ujs.js?body=1" for 127.0.0.1 at 2013-08-15 18:46:54 -0500
Served asset /jquery_ujs.js - 304 Not Modified (0ms)


Started GET "/assets/jquery.js?body=1" for 127.0.0.1 at 2013-08-15 18:46:54 -0500
Served asset /jquery.js - 304 Not Modified (0ms)


Started GET "/assets/application.js?body=1" for 127.0.0.1 at 2013-08-15 18:46:54 -0500
Served asset /application.js - 304 Not Modified (0ms)


Started GET "/assets/jquery_ujs.js?body=1" for 127.0.0.1 at 2013-08-15 18:46:54 -0500
Served asset /jquery_ujs.js - 304 Not Modified (0ms)


Started GET "/assets/application.js?body=1" for 127.0.0.1 at 2013-08-15 18:46:54 -0500
Served asset /application.js - 304 Not Modified (0ms)


Started GET "/" for 127.0.0.1 at 2013-08-15 18:46:57 -0500

ActionController::RoutingError (No route matches [GET] "/"):
  

Rendered /usr/local/lib/ruby/gems/1.9.1/gems/actionpack-3.1.0/lib/action_dispatch/middleware/templates/rescues/routing_error.erb within rescues/layout (0.7ms)


Started GET "/movies" for 127.0.0.1 at 2013-08-15 18:47:01 -0500
  Processing by MoviesController#index as HTML
Redirected to http://localhost:3000/movies?ratings%5BG%5D=G&ratings%5BNC-17%5D=NC-17&ratings%5BPG%5D=PG&ratings%5BPG-13%5D=PG-13&ratings%5BR%5D=R&sort=title
Completed 302 Found in 1ms


Started GET "/movies?ratings%5BG%5D=G&ratings%5BNC-17%5D=NC-17&ratings%5BPG%5D=PG&ratings%5BPG-13%5D=PG-13&ratings%5BR%5D=R&sort=title" for 127.0.0.1 at 2013-08-15 18:47:01 -0500
  Processing by MoviesController#index as HTML
  Parameters: {"ratings"=>{"G"=>"G", "NC-17"=>"NC-17", "PG"=>"PG", "PG-13"=>"PG-13", "R"=>"R"}, "sort"=>"title"}
  [1m[35mMovie Load (0.3ms)[0m  SELECT "movies".* FROM "movies" WHERE "movies"."rating" IN ('G', 'NC-17', 'PG', 'PG-13', 'R') ORDER BY title
Rendered movies/index.html.haml within layouts/application (22.3ms)
Completed 200 OK in 30ms (Views: 27.0ms | ActiveRecord: 0.6ms)


Started GET "/assets/application.js?body=1" for 127.0.0.1 at 2013-08-15 18:47:02 -0500
Served asset /application.js - 304 Not Modified (0ms)


Started GET "/assets/jquery_ujs.js?body=1" for 127.0.0.1 at 2013-08-15 18:47:02 -0500
Served asset /jquery_ujs.js - 304 Not Modified (0ms)


Started GET "/assets/jquery.js?body=1" for 127.0.0.1 at 2013-08-15 18:47:02 -0500
Served asset /jquery.js - 304 Not Modified (0ms)


Started GET "/assets/application.css?body=1" for 127.0.0.1 at 2013-08-15 18:47:02 -0500
Served asset /application.css - 304 Not Modified (0ms)


Started GET "/movies/19" for 127.0.0.1 at 2013-08-15 18:47:26 -0500
  Processing by MoviesController#show as HTML
  Parameters: {"id"=>"19"}
  [1m[36mMovie Load (0.1ms)[0m  [1mSELECT "movies".* FROM "movies" WHERE "movies"."id" = ? LIMIT 1[0m  [["id", "19"]]
Rendered movies/show.html.haml within layouts/application (7.7ms)
Completed 200 OK in 13ms (Views: 11.6ms | ActiveRecord: 0.4ms)


Started GET "/assets/application.css?body=1" for 127.0.0.1 at 2013-08-15 18:47:26 -0500
Served asset /application.css - 304 Not Modified (0ms)


Started GET "/assets/jquery.js?body=1" for 127.0.0.1 at 2013-08-15 18:47:26 -0500
Served asset /jquery.js - 304 Not Modified (0ms)


Started GET "/assets/jquery_ujs.js?body=1" for 127.0.0.1 at 2013-08-15 18:47:26 -0500
Served asset /jquery_ujs.js - 304 Not Modified (0ms)


Started GET "/assets/application.js?body=1" for 127.0.0.1 at 2013-08-15 18:47:26 -0500
Served asset /application.js - 304 Not Modified (0ms)


Started GET "/movies/same_director/19" for 127.0.0.1 at 2013-08-15 18:47:27 -0500
  Processing by MoviesController#same_director as HTML
  Parameters: {"id"=>"19"}
  [1m[35mMovie Load (0.1ms)[0m  SELECT "movies".* FROM "movies" WHERE "movies"."id" = ? LIMIT 1  [["id", "19"]]
  [1m[36mMovie Load (0.1ms)[0m  [1mSELECT "movies".* FROM "movies" WHERE "movies"."director" = 'Yoda' AND (title != 'Raiders of the Lost Ark')[0m
Rendered movies/same_director.html.haml within layouts/application (1.7ms)
Completed 200 OK in 14ms (Views: 5.8ms | ActiveRecord: 0.5ms)


Started GET "/assets/jquery_ujs.js?body=1" for 127.0.0.1 at 2013-08-15 18:47:27 -0500
Served asset /jquery_ujs.js - 304 Not Modified (0ms)


Started GET "/assets/application.css?body=1" for 127.0.0.1 at 2013-08-15 18:47:27 -0500
Served asset /application.css - 304 Not Modified (0ms)


Started GET "/assets/jquery.js?body=1" for 127.0.0.1 at 2013-08-15 18:47:27 -0500
Served asset /jquery.js - 304 Not Modified (0ms)


Started GET "/assets/application.js?body=1" for 127.0.0.1 at 2013-08-15 18:47:27 -0500
Served asset /application.js - 304 Not Modified (0ms)


Started GET "/movies/same_director/19" for 127.0.0.1 at 2013-08-15 18:50:55 -0500
  Processing by MoviesController#same_director as HTML
  Parameters: {"id"=>"19"}
  [1m[35mMovie Load (0.1ms)[0m  SELECT "movies".* FROM "movies" WHERE "movies"."id" = ? LIMIT 1  [["id", "19"]]
  [1m[36mMovie Load (0.2ms)[0m  [1mSELECT "movies".* FROM "movies" WHERE "movies"."director" = 'Yoda' AND (title != 'Raiders of the Lost Ark')[0m
Rendered movies/same_director.html.haml within layouts/application (2.3ms)
Completed 200 OK in 40ms (Views: 30.3ms | ActiveRecord: 0.6ms)


Started GET "/assets/jquery.js?body=1" for 127.0.0.1 at 2013-08-15 18:50:55 -0500
Served asset /jquery.js - 304 Not Modified (0ms)


Started GET "/assets/jquery_ujs.js?body=1" for 127.0.0.1 at 2013-08-15 18:50:55 -0500
Served asset /jquery_ujs.js - 304 Not Modified (0ms)


Started GET "/assets/application.css?body=1" for 127.0.0.1 at 2013-08-15 18:50:55 -0500
Served asset /application.css - 304 Not Modified (0ms)


Started GET "/assets/application.js?body=1" for 127.0.0.1 at 2013-08-15 18:50:55 -0500
Served asset /application.js - 304 Not Modified (0ms)


Started GET "/assets/jquery_ujs.js?body=1" for 127.0.0.1 at 2013-08-15 18:50:55 -0500
Served asset /jquery_ujs.js - 304 Not Modified (0ms)


Started GET "/assets/application.js?body=1" for 127.0.0.1 at 2013-08-15 18:50:55 -0500
Served asset /application.js - 304 Not Modified (0ms)


Started GET "/movies/19" for 127.0.0.1 at 2013-08-15 18:51:01 -0500
  Processing by MoviesController#show as HTML
  Parameters: {"id"=>"19"}
  [1m[35mMovie Load (0.1ms)[0m  SELECT "movies".* FROM "movies" WHERE "movies"."id" = ? LIMIT 1  [["id", "19"]]
Rendered movies/show.html.haml within layouts/application (13.6ms)
Completed 200 OK in 20ms (Views: 18.3ms | ActiveRecord: 0.4ms)


Started GET "/assets/application.js?body=1" for 127.0.0.1 at 2013-08-15 18:51:01 -0500
Served asset /application.js - 304 Not Modified (0ms)


Started GET "/assets/application.css?body=1" for 127.0.0.1 at 2013-08-15 18:51:01 -0500
Served asset /application.css - 304 Not Modified (0ms)


Started GET "/assets/jquery.js?body=1" for 127.0.0.1 at 2013-08-15 18:51:01 -0500
Served asset /jquery.js - 304 Not Modified (0ms)


Started GET "/assets/jquery_ujs.js?body=1" for 127.0.0.1 at 2013-08-15 18:51:01 -0500
Served asset /jquery_ujs.js - 304 Not Modified (0ms)


Started GET "/movies/same_director/19" for 127.0.0.1 at 2013-08-15 18:51:06 -0500
  Processing by MoviesController#same_director as HTML
  Parameters: {"id"=>"19"}
  [1m[36mMovie Load (0.1ms)[0m  [1mSELECT "movies".* FROM "movies" WHERE "movies"."id" = ? LIMIT 1[0m  [["id", "19"]]
  [1m[35mMovie Load (0.2ms)[0m  SELECT "movies".* FROM "movies" WHERE "movies"."director" = 'Yoda' AND (title != 'Raiders of the Lost Ark')
Rendered movies/same_director.html.haml within layouts/application (1.8ms)
Completed 200 OK in 38ms (Views: 6.1ms | ActiveRecord: 0.5ms)


Started GET "/assets/jquery.js?body=1" for 127.0.0.1 at 2013-08-15 18:51:06 -0500
Served asset /jquery.js - 304 Not Modified (0ms)


Started GET "/assets/application.css?body=1" for 127.0.0.1 at 2013-08-15 18:51:06 -0500
Served asset /application.css - 304 Not Modified (0ms)


Started GET "/assets/application.js?body=1" for 127.0.0.1 at 2013-08-15 18:51:06 -0500
Served asset /application.js - 304 Not Modified (0ms)


Started GET "/assets/jquery_ujs.js?body=1" for 127.0.0.1 at 2013-08-15 18:51:06 -0500
Served asset /jquery_ujs.js - 304 Not Modified (0ms)


Started GET "/assets/application.js?body=1" for 127.0.0.1 at 2013-08-15 18:51:06 -0500
Served asset /application.js - 304 Not Modified (0ms)
